<?xml version="1.0" encoding="UTF-8"?>
<testsuite xmlns:xsi="http://www.w3.org/2001/XMLSchema-instance" xsi:noNamespaceSchemaLocation="https://maven.apache.org/surefire/maven-surefire-plugin/xsd/surefire-test-report-3.0.xsd" version="3.0" name="com.runner.TestRunner" time="28.68" tests="2" errors="0" skipped="0" failures="0">
  <properties>
[...]
</properties>
  <testcase name="runScenario[&quot;Successful login with valid credentials&quot;, &quot;Login functionality&quot;](1)" classname="com.runner.TestRunner" time="14.866">
    <system-out><![CDATA[
Scenario: Successful login with valid credentials # src/test/resources/features/login.feature:3
Browser launched & login page opened
  Given user is on the login page                 # com.stepDefinitions.LoginSteps.user_is_on_the_login_page()
  When user enters valid username and password    # com.stepDefinitions.LoginSteps.user_enters_valid_username_and_password()
Home page title: OrangeHRM
Login successful
Browser closed
  Then user should be redirected to the homepage  # com.stepDefinitions.LoginSteps.user_should_be_redirected_to_the_homepage()
]]></system-out>
    <system-err><![CDATA[SLF4J: Failed to load class "org.slf4j.impl.StaticLoggerBinder".
SLF4J: Defaulting to no-operation (NOP) logger implementation
SLF4J: See http://www.slf4j.org/codes.html#StaticLoggerBinder for further details.
Nov 24, 2025 12:33:06 PM org.openqa.selenium.devtools.CdpVersionFinder findNearestMatch
WARNING: Unable to find CDP implementation matching 142
Nov 24, 2025 12:33:06 PM org.openqa.selenium.chromium.ChromiumDriver lambda$new$4
WARNING: Unable to find version of CDP to use for 142.0.7444.176. You may need to include a dependency on a specific version of the CDP using something similar to `org.seleniumhq.selenium:selenium-devtools-v86:4.29.0` where the version ("v86") matches the version of the chromium-based browser you're using and the version number of the artifact is the same as Selenium's.
Nov 24, 2025 12:33:09 PM org.openqa.selenium.devtools.CdpVersionFinder findNearestMatch
WARNING: Unable to find CDP implementation matching 142
Nov 24, 2025 12:33:09 PM org.openqa.selenium.chromium.ChromiumDriver lambda$new$4
WARNING: Unable to find version of CDP to use for 142.0.7444.176. You may need to include a dependency on a specific version of the CDP using something similar to `org.seleniumhq.selenium:selenium-devtools-v86:4.29.0` where the version ("v86") matches the version of the chromium-based browser you're using and the version number of the artifact is the same as Selenium's.
]]></system-err>
  </testcase>
  <testcase name="runScenario[&quot;Login fails with invalid credentials&quot;, &quot;Login functionality&quot;](2)" classname="com.runner.TestRunner" time="12.909">
    <system-out><![CDATA[
Scenario: Login fails with invalid credentials   # src/test/resources/features/login.feature:8
Browser launched & login page opened
  Given user is on the login page                # com.stepDefinitions.LoginSteps.user_is_on_the_login_page()
  When user enters invalid username and password # com.stepDefinitions.LoginSteps.user_enters_invalid_username_and_password()
Error message: Invalid credentials
Browser closed
  Then user should see an error message          # com.stepDefinitions.LoginSteps.user_should_see_an_error_message()
]]></system-out>
    <system-err><![CDATA[Nov 24, 2025 12:33:20 PM org.openqa.selenium.devtools.CdpVersionFinder findNearestMatch
WARNING: Unable to find CDP implementation matching 142
Nov 24, 2025 12:33:20 PM org.openqa.selenium.chromium.ChromiumDriver lambda$new$4
WARNING: Unable to find version of CDP to use for 142.0.7444.176. You may need to include a dependency on a specific version of the CDP using something similar to `org.seleniumhq.selenium:selenium-devtools-v86:4.29.0` where the version ("v86") matches the version of the chromium-based browser you're using and the version number of the artifact is the same as Selenium's.
Nov 24, 2025 12:33:23 PM org.openqa.selenium.devtools.CdpVersionFinder findNearestMatch
WARNING: Unable to find CDP implementation matching 142
Nov 24, 2025 12:33:23 PM org.openqa.selenium.chromium.ChromiumDriver lambda$new$4
WARNING: Unable to find version of CDP to use for 142.0.7444.176. You may need to include a dependency on a specific version of the CDP using something similar to `org.seleniumhq.selenium:selenium-devtools-v86:4.29.0` where the version ("v86") matches the version of the chromium-based browser you're using and the version number of the artifact is the same as Selenium's.
]]></system-err>
  </testcase>
</testsuite>