<?xml version="1.0" encoding="UTF-8"?>
<testng-results ignored="0" total="2" passed="2" failed="0" skipped="0">
  <reporter-output>
  </reporter-output>
  <suite started-at="2025-11-20T12:21:35 IST" name="ClassLevelParallel" finished-at="2025-11-20T12:21:38 IST" duration-ms="3218">
    <groups>
    </groups>
    <test started-at="2025-11-20T12:21:35 IST" name="ParallelClasses" finished-at="2025-11-20T12:21:38 IST" duration-ms="3218">
      <class name="com.parallel.Test2">
        <test-method signature="edge()[pri:0, instance:com.parallel.Test2@9d5509a]" started-at="2025-11-20T12:21:35 IST" name="edge" finished-at="2025-11-20T12:21:38 IST" duration-ms="2916" status="PASS">
          <reporter-output>
          </reporter-output>
        </test-method> <!-- edge -->
      </class> <!-- com.parallel.Test2 -->
      <class name="com.parallel.Test1">
        <test-method signature="launchChrome()[pri:0, instance:com.parallel.Test1@f5958c9]" started-at="2025-11-20T12:21:35 IST" name="launchChrome" finished-at="2025-11-20T12:21:38 IST" duration-ms="3167" status="PASS">
          <reporter-output>
          </reporter-output>
        </test-method> <!-- launchChrome -->
      </class> <!-- com.parallel.Test1 -->
    </test> <!-- ParallelClasses -->
  </suite> <!-- ClassLevelParallel -->
</testng-results>
